SF:lib\core\errors\exceptions.dart
DA:5,1
DA:7,1
DA:8,3
DA:12,1
DA:16,0
DA:20,0
DA:24,1
DA:31,1
LF:8
LH:6
end_of_record
SF:lib\core\constants\demo_auth_credentials.dart
DA:6,0
LF:1
LH:0
end_of_record
SF:lib\core\errors\failures.dart
DA:7,3
DA:9,0
DA:10,0
DA:14,2
DA:18,1
DA:22,0
DA:26,0
DA:30,0
DA:34,0
DA:38,0
LF:10
LH:3
end_of_record
SF:lib\core\mocks\mock_bank_api.dart
DA:24,4
DA:30,4
DA:31,2
DA:41,2
DA:51,2
DA:56,2
DA:65,4
DA:66,2
DA:80,2
DA:85,2
DA:94,2
DA:99,2
DA:108,2
DA:113,2
DA:122,2
DA:136,2
DA:141,2
DA:153,4
DA:154,2
DA:157,2
DA:158,4
DA:160,0
DA:161,0
DA:164,6
DA:166,6
DA:167,4
DA:168,2
DA:170,0
DA:172,2
DA:174,4
DA:176,2
DA:177,2
DA:178,4
DA:179,2
DA:180,2
DA:181,4
DA:182,2
DA:183,2
DA:184,4
DA:187,1
DA:192,1
DA:193,1
DA:195,4
DA:196,1
DA:204,0
DA:205,0
DA:210,1
DA:212,1
DA:229,0
DA:230,0
DA:231,0
DA:232,0
DA:233,0
DA:234,0
DA:235,0
DA:236,0
DA:239,0
DA:245,0
DA:246,0
DA:247,0
DA:248,0
DA:249,0
DA:252,1
DA:253,1
DA:254,1
DA:255,1
DA:256,1
DA:257,1
DA:259,1
DA:260,1
DA:261,1
DA:262,1
DA:263,5
DA:264,1
DA:265,1
DA:269,2
DA:270,2
DA:271,2
DA:272,2
DA:273,10
DA:274,4
DA:278,4
DA:283,0
DA:284,0
DA:285,0
DA:288,0
DA:291,0
DA:292,0
DA:296,0
DA:297,0
DA:300,1
DA:305,1
DA:306,1
DA:307,1
DA:309,1
DA:310,2
DA:311,0
DA:318,1
DA:319,1
DA:320,1
DA:326,1
DA:331,1
DA:332,1
DA:334,0
DA:336,0
DA:337,0
DA:341,0
DA:342,0
DA:344,2
DA:345,1
DA:349,2
DA:352,1
DA:353,3
DA:354,1
DA:356,1
DA:357,1
DA:360,2
DA:362,3
DA:367,2
DA:371,0
DA:374,0
DA:375,0
DA:376,0
DA:379,1
DA:386,1
DA:387,2
DA:388,1
DA:390,3
DA:391,2
DA:392,3
DA:393,0
DA:394,0
DA:396,1
DA:398,2
DA:399,2
DA:400,3
DA:401,1
DA:404,1
DA:410,1
DA:411,1
DA:412,1
DA:414,1
DA:416,0
DA:417,0
DA:424,1
DA:425,0
DA:431,1
DA:433,0
DA:434,0
DA:438,1
DA:439,1
DA:440,1
DA:441,1
DA:446,2
DA:447,1
DA:448,0
DA:449,0
DA:453,2
DA:456,1
DA:457,3
DA:458,2
DA:459,2
DA:461,1
DA:464,2
DA:466,3
DA:471,2
DA:473,1
DA:474,1
DA:478,1
DA:483,1
DA:484,1
DA:485,1
DA:487,3
DA:488,0
DA:489,0
DA:495,2
DA:496,2
DA:497,1
DA:498,1
DA:499,1
DA:500,1
DA:501,1
DA:507,0
DA:511,0
DA:512,0
DA:513,0
DA:514,0
DA:515,0
DA:516,0
DA:517,0
DA:518,0
DA:522,1
DA:524,1
DA:531,1
DA:549,1
DA:550,2
DA:551,2
DA:563,1
LF:198
LH:141
end_of_record
SF:lib\core\utils\app_logger.dart
DA:5,0
DA:7,6
DA:8,2
DA:18,2
DA:19,10
DA:22,1
DA:23,6
DA:26,0
DA:32,0
DA:33,0
DA:39,1
DA:41,0
DA:44,2
DA:46,2
DA:47,2
DA:50,4
DA:51,2
DA:52,2
LF:18
LH:13
end_of_record
SF:lib\features\transactions\domain\entities\transaction.dart
DA:18,1
DA:30,0
DA:31,0
DA:32,0
DA:33,0
DA:34,0
DA:35,0
DA:37,0
DA:39,0
LF:9
LH:1
end_of_record
SF:lib\core\network\network_info.dart
DA:10,0
DA:12,0
DA:14,0
DA:15,0
LF:4
LH:0
end_of_record
SF:lib\features\transactions\data\datasources\transfer_remote_datasource.dart
DA:21,0
DA:23,0
DA:27,0
DA:35,0
DA:42,0
DA:43,0
DA:44,0
DA:45,0
DA:46,0
DA:50,0
DA:51,0
DA:53,0
DA:60,0
LF:13
LH:0
end_of_record
SF:lib\features\transactions\domain\entities\transfer_recipient.dart
DA:9,0
DA:16,0
DA:17,0
LF:3
LH:0
end_of_record
SF:lib\features\transactions\data\repositories\transfer_repository_impl.dart
DA:14,1
DA:19,1
DA:23,2
DA:28,2
DA:29,1
DA:30,0
DA:31,0
DA:35,1
DA:37,2
DA:45,0
DA:46,0
DA:47,0
DA:48,0
DA:52,1
DA:59,2
DA:63,2
DA:70,1
DA:71,4
LF:18
LH:12
end_of_record
SF:lib\core\utils\currency_formatter.dart
DA:4,0
DA:6,3
DA:12,3
DA:17,3
DA:20,1
DA:21,4
DA:25,1
DA:26,1
DA:27,2
DA:31,0
DA:33,0
DA:35,0
DA:36,0
LF:13
LH:8
end_of_record
SF:lib\core\utils\validators.dart
DA:2,0
DA:4,3
DA:8,3
DA:10,3
DA:15,1
DA:16,2
DA:19,3
DA:25,1
DA:26,1
DA:27,2
DA:30,2
DA:36,1
DA:37,2
DA:38,1
DA:43,1
DA:44,2
DA:45,2
DA:47,1
DA:51,1
DA:52,2
DA:53,3
DA:59,4
DA:60,3
LF:23
LH:22
end_of_record
SF:lib\features\accounts\data\datasources\accounts_remote_datasource.dart
DA:18,0
DA:20,0
DA:23,0
DA:24,0
DA:30,0
DA:36,0
DA:40,0
LF:7
LH:0
end_of_record
SF:lib\features\accounts\data\models\account_model.dart
DA:4,1
DA:17,0
DA:18,0
DA:19,0
DA:20,0
DA:21,0
DA:22,0
DA:23,0
DA:24,0
DA:26,0
DA:27,0
DA:28,0
DA:29,0
DA:30,0
DA:31,0
DA:35,0
DA:36,0
LF:17
LH:1
end_of_record
SF:lib\features\accounts\data\repositories\accounts_repository_impl.dart
DA:15,1
DA:20,1
DA:22,2
DA:26,2
DA:27,1
DA:28,1
DA:29,4
DA:33,1
DA:38,2
DA:42,2
DA:46,1
DA:47,0
DA:48,0
LF:13
LH:11
end_of_record
SF:lib\features\accounts\domain\entities\account.dart
DA:17,1
DA:30,0
DA:31,0
DA:32,0
DA:34,0
DA:37,0
DA:39,0
DA:40,0
DA:41,0
DA:42,0
DA:43,0
DA:44,0
DA:45,0
DA:46,0
DA:47,0
DA:48,0
DA:49,0
DA:50,0
LF:18
LH:1
end_of_record
SF:lib\features\transactions\data\models\transaction_model.dart
DA:4,1
DA:16,0
DA:17,0
DA:18,0
DA:19,0
DA:20,0
DA:21,0
DA:22,0
DA:23,0
DA:24,0
DA:26,0
DA:27,0
DA:28,0
DA:30,0
DA:31,0
DA:32,0
DA:36,0
DA:37,0
DA:38,0
DA:39,0
DA:46,0
DA:50,0
DA:54,0
DA:57,0
DA:60,0
DA:64,0
DA:67,0
DA:70,0
DA:74,0
DA:77,0
DA:80,0
DA:87,0
DA:89,0
DA:93,0
DA:96,0
DA:99,0
DA:103,0
DA:106,0
DA:109,0
DA:116,0
LF:40
LH:1
end_of_record
SF:lib\features\auth\data\models\user_model.dart
DA:4,1
DA:17,1
DA:18,1
DA:19,1
DA:20,1
DA:21,1
DA:22,1
DA:23,1
DA:24,1
DA:25,1
DA:26,1
DA:27,1
DA:28,1
DA:32,1
DA:33,1
DA:34,1
DA:35,1
DA:36,1
DA:37,1
DA:38,1
DA:39,1
DA:40,1
DA:41,1
DA:42,1
DA:43,1
DA:47,1
DA:48,1
DA:49,1
DA:50,1
DA:51,1
DA:52,1
DA:53,1
DA:54,1
DA:55,1
DA:56,1
DA:57,1
DA:58,1
LF:37
LH:37
end_of_record
SF:lib\features\auth\domain\entities\user.dart
DA:15,2
DA:28,1
DA:40,1
DA:41,1
DA:42,0
DA:43,1
DA:44,1
DA:45,1
DA:46,1
DA:47,1
DA:48,1
DA:49,1
DA:50,1
DA:54,1
DA:55,1
DA:56,1
DA:57,1
DA:58,1
DA:59,1
DA:60,1
DA:61,1
DA:62,1
DA:63,1
DA:64,1
DA:65,1
LF:25
LH:24
end_of_record
SF:lib\features\dashboard\domain\entities\recent_transaction.dart
DA:14,1
DA:24,3
DA:25,3
DA:26,3
DA:28,0
DA:30,0
LF:6
LH:4
end_of_record
SF:lib\features\dashboard\data\models\recent_transaction_model.dart
DA:4,1
DA:14,0
DA:15,0
DA:16,0
DA:17,0
DA:18,0
DA:19,0
DA:20,0
DA:21,0
DA:22,0
DA:24,0
DA:25,0
DA:30,1
DA:31,1
DA:32,1
DA:33,1
DA:39,1
DA:41,1
DA:45,1
DA:47,1
DA:49,1
DA:53,1
DA:55,1
DA:57,1
DA:61,1
DA:63,1
DA:65,1
DA:71,1
LF:28
LH:17
end_of_record
SF:lib\features\accounts\data\datasources\card_remote_datasource.dart
DA:20,1
DA:22,1
DA:25,2
DA:26,1
DA:27,1
DA:28,1
DA:29,1
DA:30,1
DA:31,1
DA:32,1
DA:34,0
DA:43,1
DA:46,2
DA:47,0
DA:56,0
DA:63,0
DA:68,0
LF:17
LH:12
end_of_record
SF:lib\features\accounts\data\repositories\card_repository_impl.dart
DA:14,1
DA:19,1
DA:22,2
DA:23,1
DA:24,0
DA:25,0
DA:29,1
DA:33,2
DA:42,2
DA:43,1
DA:44,0
DA:45,0
DA:49,0
DA:56,0
DA:62,0
DA:63,0
LF:16
LH:8
end_of_record
SF:lib\features\accounts\presentation\bloc\card_bloc.dart
DA:12,2
DA:13,2
DA:14,2
DA:15,2
DA:16,2
DA:17,2
DA:18,2
DA:21,0
DA:23,0
DA:24,0
DA:25,0
DA:26,0
DA:27,0
DA:28,0
DA:30,0
DA:32,0
DA:33,0
DA:34,0
DA:39,1
DA:41,3
DA:43,3
DA:44,1
DA:45,0
DA:46,0
DA:47,0
DA:49,4
DA:53,0
DA:55,0
DA:56,0
DA:57,0
DA:58,0
DA:59,0
DA:61,0
DA:62,0
DA:63,0
DA:64,0
DA:66,0
DA:68,0
DA:74,1
DA:76,2
DA:77,1
DA:78,2
DA:79,3
DA:80,3
DA:86,3
DA:87,3
DA:88,1
DA:89,0
DA:90,0
DA:91,0
DA:93,1
DA:94,3
DA:97,1
DA:101,1
DA:102,2
DA:103,0
DA:109,1
DA:110,2
DA:111,3
DA:118,1
DA:119,3
DA:120,6
DA:122,1
DA:126,1
DA:128,2
DA:129,1
LF:66
LH:36
end_of_record
SF:lib\features\accounts\presentation\bloc\card_event.dart
DA:4,1
DA:6,0
DA:7,0
DA:12,0
DA:19,0
DA:21,0
DA:22,0
DA:28,1
DA:30,0
DA:31,0
DA:35,1
DA:39,1
DA:44,1
DA:46,0
DA:47,0
LF:15
LH:5
end_of_record
SF:lib\features\accounts\domain\entities\card_details.dart
DA:11,1
DA:20,0
DA:21,0
DA:22,0
DA:23,0
DA:24,0
DA:25,0
DA:26,0
DA:27,0
LF:9
LH:1
end_of_record
SF:lib\features\accounts\presentation\bloc\card_state.dart
DA:14,1
DA:26,1
DA:37,1
DA:38,1
DA:39,1
DA:40,1
DA:41,1
DA:42,1
DA:43,1
DA:44,1
DA:45,1
DA:50,1
DA:51,1
DA:52,1
DA:53,1
DA:54,1
DA:55,1
DA:56,1
DA:57,1
DA:58,1
DA:59,1
DA:60,1
LF:22
LH:22
end_of_record
